Mensaje I / 00:00:00:000 / Root(00) para top(01)
Mensaje I / 00:00:00:000 / top(01) para balance(02)
Mensaje I / 00:00:00:000 / top(01) para card(03)
Mensaje I / 00:00:00:000 / top(01) para receipt(04)
Mensaje I / 00:00:00:000 / top(01) para money(05)
Mensaje I / 00:00:00:000 / top(01) para rechargecontroller(06)
Mensaje D / 00:00:00:000 / balance(02) / ... para top(01)
Mensaje D / 00:00:00:000 / card(03) / ... para top(01)
Mensaje D / 00:00:00:000 / receipt(04) / ... para top(01)
Mensaje D / 00:00:00:000 / money(05) / ... para top(01)
Mensaje I / 00:00:00:000 / rechargecontroller(06) para message(07)
Mensaje I / 00:00:00:000 / rechargecontroller(06) para central(08)
Mensaje D / 00:00:00:000 / message(07) / ... para rechargecontroller(06)
Mensaje D / 00:00:00:000 / central(08) / ... para rechargecontroller(06)
Mensaje D / 00:00:00:000 / rechargecontroller(06) / ... para top(01)
Mensaje D / 00:00:00:000 / top(01) / ... para Root(00)
Mensaje X / 00:00:01:000 / Root(00) / card_in /      1.00000 para top(01)
Mensaje X / 00:00:01:000 / top(01) / cardinfo_in /      1.00000 para card(03)
Mensaje D / 00:00:01:000 / card(03) / 00:00:01:000 para top(01)
Mensaje D / 00:00:01:000 / top(01) / 00:00:01:000 para Root(00)
Mensaje * / 00:00:02:000 / Root(00) para top(01)
Mensaje * / 00:00:02:000 / top(01) para card(03)
Mensaje Y / 00:00:02:000 / card(03) / cardinfo_out /    706.00000 para top(01)
Mensaje D / 00:00:02:000 / card(03) / ... para top(01)
Mensaje X / 00:00:02:000 / top(01) / incr /    706.00000 para rechargecontroller(06)
Mensaje X / 00:00:02:000 / rechargecontroller(06) / card_in /    706.00000 para message(07)
Mensaje D / 00:00:02:000 / message(07) / 00:00:00:000 para rechargecontroller(06)
Mensaje D / 00:00:02:000 / rechargecontroller(06) / 00:00:00:000 para top(01)
Mensaje D / 00:00:02:000 / top(01) / 00:00:00:000 para Root(00)
Mensaje * / 00:00:02:000 / Root(00) para top(01)
Mensaje * / 00:00:02:000 / top(01) para rechargecontroller(06)
Mensaje * / 00:00:02:000 / rechargecontroller(06) para message(07)
Mensaje Y / 00:00:02:000 / message(07) / message_out /    706.00000 para rechargecontroller(06)
Mensaje D / 00:00:02:000 / message(07) / ... para rechargecontroller(06)
Mensaje X / 00:00:02:000 / rechargecontroller(06) / message_in /    706.00000 para central(08)
Mensaje Y / 00:00:02:000 / central(08) / queue_out /      1.00000 para rechargecontroller(06)
Mensaje D / 00:00:02:000 / central(08) / 00:00:01:000 para rechargecontroller(06)
Mensaje X / 00:00:02:000 / rechargecontroller(06) / done /      1.00000 para message(07)
Mensaje D / 00:00:02:000 / message(07) / ... para rechargecontroller(06)
Mensaje D / 00:00:02:000 / rechargecontroller(06) / 00:00:01:000 para top(01)
Mensaje D / 00:00:02:000 / top(01) / 00:00:01:000 para Root(00)
Mensaje * / 00:00:03:000 / Root(00) para top(01)
Mensaje * / 00:00:03:000 / top(01) para rechargecontroller(06)
Mensaje * / 00:00:03:000 / rechargecontroller(06) para central(08)
Mensaje Y / 00:00:03:000 / central(08) / control_balance_out /      0.00000 para rechargecontroller(06)
Mensaje D / 00:00:03:000 / central(08) / ... para rechargecontroller(06)
Mensaje Y / 00:00:03:000 / rechargecontroller(06) / outcbd /      0.00000 para top(01)
Mensaje D / 00:00:03:000 / rechargecontroller(06) / ... para top(01)
Mensaje X / 00:00:03:000 / top(01) / balance_in /      0.00000 para balance(02)
Mensaje D / 00:00:03:000 / balance(02) / 00:00:00:000 para top(01)
Mensaje D / 00:00:03:000 / top(01) / 00:00:00:000 para Root(00)
Mensaje * / 00:00:03:000 / Root(00) para top(01)
Mensaje * / 00:00:03:000 / top(01) para balance(02)
Mensaje Y / 00:00:03:000 / balance(02) / balance_out /      0.00000 para top(01)
Mensaje D / 00:00:03:000 / balance(02) / ... para top(01)
Mensaje Y / 00:00:03:000 / top(01) / balance_out /      0.00000 para Root(00)
Mensaje D / 00:00:03:000 / top(01) / ... para Root(00)
Mensaje X / 00:00:10:000 / Root(00) / money_in /     10.00000 para top(01)
Mensaje X / 00:00:10:000 / top(01) / money_in /     10.00000 para money(05)
Mensaje D / 00:00:10:000 / money(05) / 00:00:01:000 para top(01)
Mensaje D / 00:00:10:000 / top(01) / 00:00:01:000 para Root(00)
Mensaje * / 00:00:11:000 / Root(00) para top(01)
Mensaje * / 00:00:11:000 / top(01) para money(05)
Mensaje Y / 00:00:11:000 / money(05) / money_out /     10.00000 para top(01)
Mensaje D / 00:00:11:000 / money(05) / ... para top(01)
Mensaje X / 00:00:11:000 / top(01) / inmc /     10.00000 para rechargecontroller(06)
Mensaje X / 00:00:11:000 / rechargecontroller(06) / money_in /     10.00000 para message(07)
Mensaje D / 00:00:11:000 / message(07) / 00:00:00:000 para rechargecontroller(06)
Mensaje D / 00:00:11:000 / rechargecontroller(06) / 00:00:00:000 para top(01)
Mensaje D / 00:00:11:000 / top(01) / 00:00:00:000 para Root(00)
Mensaje * / 00:00:11:000 / Root(00) para top(01)
Mensaje * / 00:00:11:000 / top(01) para rechargecontroller(06)
Mensaje * / 00:00:11:000 / rechargecontroller(06) para message(07)
Mensaje Y / 00:00:11:000 / message(07) / message_out /     10.00000 para rechargecontroller(06)
Mensaje D / 00:00:11:000 / message(07) / ... para rechargecontroller(06)
Mensaje X / 00:00:11:000 / rechargecontroller(06) / message_in /     10.00000 para central(08)
Mensaje Y / 00:00:11:000 / central(08) / queue_out /      1.00000 para rechargecontroller(06)
Mensaje D / 00:00:11:000 / central(08) / 00:00:01:000 para rechargecontroller(06)
Mensaje X / 00:00:11:000 / rechargecontroller(06) / done /      1.00000 para message(07)
Mensaje D / 00:00:11:000 / message(07) / ... para rechargecontroller(06)
Mensaje D / 00:00:11:000 / rechargecontroller(06) / 00:00:01:000 para top(01)
Mensaje D / 00:00:11:000 / top(01) / 00:00:01:000 para Root(00)
Mensaje * / 00:00:12:000 / Root(00) para top(01)
Mensaje * / 00:00:12:000 / top(01) para rechargecontroller(06)
Mensaje * / 00:00:12:000 / rechargecontroller(06) para central(08)
Mensaje Y / 00:00:12:000 / central(08) / control_balance_out /     10.00000 para rechargecontroller(06)
Mensaje D / 00:00:12:000 / central(08) / ... para rechargecontroller(06)
Mensaje Y / 00:00:12:000 / rechargecontroller(06) / outcbd /     10.00000 para top(01)
Mensaje D / 00:00:12:000 / rechargecontroller(06) / ... para top(01)
Mensaje X / 00:00:12:000 / top(01) / balance_in /     10.00000 para balance(02)
Mensaje D / 00:00:12:000 / balance(02) / 00:00:00:000 para top(01)
Mensaje D / 00:00:12:000 / top(01) / 00:00:00:000 para Root(00)
Mensaje * / 00:00:12:000 / Root(00) para top(01)
Mensaje * / 00:00:12:000 / top(01) para balance(02)
Mensaje Y / 00:00:12:000 / balance(02) / balance_out /     10.00000 para top(01)
Mensaje D / 00:00:12:000 / balance(02) / ... para top(01)
Mensaje Y / 00:00:12:000 / top(01) / balance_out /     10.00000 para Root(00)
Mensaje D / 00:00:12:000 / top(01) / ... para Root(00)
Mensaje X / 00:00:15:000 / Root(00) / money_in /     20.00000 para top(01)
Mensaje X / 00:00:15:000 / top(01) / money_in /     20.00000 para money(05)
Mensaje D / 00:00:15:000 / money(05) / 00:00:01:000 para top(01)
Mensaje D / 00:00:15:000 / top(01) / 00:00:01:000 para Root(00)
Mensaje * / 00:00:16:000 / Root(00) para top(01)
Mensaje * / 00:00:16:000 / top(01) para money(05)
Mensaje Y / 00:00:16:000 / money(05) / money_out /     20.00000 para top(01)
Mensaje D / 00:00:16:000 / money(05) / ... para top(01)
Mensaje X / 00:00:16:000 / top(01) / inmc /     20.00000 para rechargecontroller(06)
Mensaje X / 00:00:16:000 / rechargecontroller(06) / money_in /     20.00000 para message(07)
Mensaje D / 00:00:16:000 / message(07) / 00:00:00:000 para rechargecontroller(06)
Mensaje D / 00:00:16:000 / rechargecontroller(06) / 00:00:00:000 para top(01)
Mensaje D / 00:00:16:000 / top(01) / 00:00:00:000 para Root(00)
Mensaje * / 00:00:16:000 / Root(00) para top(01)
Mensaje * / 00:00:16:000 / top(01) para rechargecontroller(06)
Mensaje * / 00:00:16:000 / rechargecontroller(06) para message(07)
Mensaje Y / 00:00:16:000 / message(07) / message_out /     20.00000 para rechargecontroller(06)
Mensaje D / 00:00:16:000 / message(07) / ... para rechargecontroller(06)
Mensaje X / 00:00:16:000 / rechargecontroller(06) / message_in /     20.00000 para central(08)
Mensaje Y / 00:00:16:000 / central(08) / queue_out /      1.00000 para rechargecontroller(06)
Mensaje D / 00:00:16:000 / central(08) / 00:00:01:000 para rechargecontroller(06)
Mensaje X / 00:00:16:000 / rechargecontroller(06) / done /      1.00000 para message(07)
Mensaje D / 00:00:16:000 / message(07) / ... para rechargecontroller(06)
Mensaje D / 00:00:16:000 / rechargecontroller(06) / 00:00:01:000 para top(01)
Mensaje D / 00:00:16:000 / top(01) / 00:00:01:000 para Root(00)
Mensaje * / 00:00:17:000 / Root(00) para top(01)
Mensaje * / 00:00:17:000 / top(01) para rechargecontroller(06)
Mensaje * / 00:00:17:000 / rechargecontroller(06) para central(08)
Mensaje Y / 00:00:17:000 / central(08) / control_balance_out /     30.00000 para rechargecontroller(06)
Mensaje D / 00:00:17:000 / central(08) / ... para rechargecontroller(06)
Mensaje Y / 00:00:17:000 / rechargecontroller(06) / outcbd /     30.00000 para top(01)
Mensaje D / 00:00:17:000 / rechargecontroller(06) / ... para top(01)
Mensaje X / 00:00:17:000 / top(01) / balance_in /     30.00000 para balance(02)
Mensaje D / 00:00:17:000 / balance(02) / 00:00:00:000 para top(01)
Mensaje D / 00:00:17:000 / top(01) / 00:00:00:000 para Root(00)
Mensaje * / 00:00:17:000 / Root(00) para top(01)
Mensaje * / 00:00:17:000 / top(01) para balance(02)
Mensaje Y / 00:00:17:000 / balance(02) / balance_out /     30.00000 para top(01)
Mensaje D / 00:00:17:000 / balance(02) / ... para top(01)
Mensaje Y / 00:00:17:000 / top(01) / balance_out /     30.00000 para Root(00)
Mensaje D / 00:00:17:000 / top(01) / ... para Root(00)
Mensaje X / 00:00:20:000 / Root(00) / money_in /     20.00000 para top(01)
Mensaje X / 00:00:20:000 / top(01) / money_in /     20.00000 para money(05)
Mensaje D / 00:00:20:000 / money(05) / 00:00:01:000 para top(01)
Mensaje D / 00:00:20:000 / top(01) / 00:00:01:000 para Root(00)
Mensaje * / 00:00:21:000 / Root(00) para top(01)
Mensaje * / 00:00:21:000 / top(01) para money(05)
Mensaje Y / 00:00:21:000 / money(05) / money_out /     20.00000 para top(01)
Mensaje D / 00:00:21:000 / money(05) / ... para top(01)
Mensaje X / 00:00:21:000 / top(01) / inmc /     20.00000 para rechargecontroller(06)
Mensaje X / 00:00:21:000 / rechargecontroller(06) / money_in /     20.00000 para message(07)
Mensaje D / 00:00:21:000 / message(07) / 00:00:00:000 para rechargecontroller(06)
Mensaje D / 00:00:21:000 / rechargecontroller(06) / 00:00:00:000 para top(01)
Mensaje D / 00:00:21:000 / top(01) / 00:00:00:000 para Root(00)
Mensaje * / 00:00:21:000 / Root(00) para top(01)
Mensaje * / 00:00:21:000 / top(01) para rechargecontroller(06)
Mensaje * / 00:00:21:000 / rechargecontroller(06) para message(07)
Mensaje Y / 00:00:21:000 / message(07) / message_out /     20.00000 para rechargecontroller(06)
Mensaje D / 00:00:21:000 / message(07) / ... para rechargecontroller(06)
Mensaje X / 00:00:21:000 / rechargecontroller(06) / message_in /     20.00000 para central(08)
Mensaje Y / 00:00:21:000 / central(08) / queue_out /      1.00000 para rechargecontroller(06)
Mensaje D / 00:00:21:000 / central(08) / 00:00:01:000 para rechargecontroller(06)
Mensaje X / 00:00:21:000 / rechargecontroller(06) / done /      1.00000 para message(07)
Mensaje D / 00:00:21:000 / message(07) / ... para rechargecontroller(06)
Mensaje D / 00:00:21:000 / rechargecontroller(06) / 00:00:01:000 para top(01)
Mensaje D / 00:00:21:000 / top(01) / 00:00:01:000 para Root(00)
Mensaje * / 00:00:22:000 / Root(00) para top(01)
Mensaje * / 00:00:22:000 / top(01) para rechargecontroller(06)
Mensaje * / 00:00:22:000 / rechargecontroller(06) para central(08)
Mensaje Y / 00:00:22:000 / central(08) / control_balance_out /     50.00000 para rechargecontroller(06)
Mensaje D / 00:00:22:000 / central(08) / ... para rechargecontroller(06)
Mensaje Y / 00:00:22:000 / rechargecontroller(06) / outcbd /     50.00000 para top(01)
Mensaje D / 00:00:22:000 / rechargecontroller(06) / ... para top(01)
Mensaje X / 00:00:22:000 / top(01) / balance_in /     50.00000 para balance(02)
Mensaje D / 00:00:22:000 / balance(02) / 00:00:00:000 para top(01)
Mensaje D / 00:00:22:000 / top(01) / 00:00:00:000 para Root(00)
Mensaje * / 00:00:22:000 / Root(00) para top(01)
Mensaje * / 00:00:22:000 / top(01) para balance(02)
Mensaje Y / 00:00:22:000 / balance(02) / balance_out /     50.00000 para top(01)
Mensaje D / 00:00:22:000 / balance(02) / ... para top(01)
Mensaje Y / 00:00:22:000 / top(01) / balance_out /     50.00000 para Root(00)
Mensaje D / 00:00:22:000 / top(01) / ... para Root(00)
Mensaje X / 00:00:35:000 / Root(00) / request_in /     -1.00000 para top(01)
Mensaje X / 00:00:35:000 / top(01) / request_in /     -1.00000 para receipt(04)
Mensaje Y / 00:00:35:000 / receipt(04) / request_out /     -1.00000 para top(01)
Mensaje D / 00:00:35:000 / receipt(04) / 00:00:02:000 para top(01)
Mensaje X / 00:00:35:000 / top(01) / inrp /     -1.00000 para rechargecontroller(06)
Mensaje X / 00:00:35:000 / rechargecontroller(06) / receipt_request_in /     -1.00000 para message(07)
Mensaje D / 00:00:35:000 / message(07) / 00:00:00:000 para rechargecontroller(06)
Mensaje D / 00:00:35:000 / rechargecontroller(06) / 00:00:00:000 para top(01)
Mensaje D / 00:00:35:000 / top(01) / 00:00:00:000 para Root(00)
Mensaje * / 00:00:35:000 / Root(00) para top(01)
Mensaje * / 00:00:35:000 / top(01) para rechargecontroller(06)
Mensaje * / 00:00:35:000 / rechargecontroller(06) para message(07)
Mensaje Y / 00:00:35:000 / message(07) / message_out /     -1.00000 para rechargecontroller(06)
Mensaje D / 00:00:35:000 / message(07) / ... para rechargecontroller(06)
Mensaje X / 00:00:35:000 / rechargecontroller(06) / message_in /     -1.00000 para central(08)
Mensaje Y / 00:00:35:000 / central(08) / control_receipt_out /    706.00000 para rechargecontroller(06)
Mensaje Y / 00:00:35:000 / central(08) / queue_out /      1.00000 para rechargecontroller(06)
Mensaje D / 00:00:35:000 / central(08) / 00:00:01:000 para rechargecontroller(06)
Mensaje Y / 00:00:35:000 / rechargecontroller(06) / outcrp /    706.00000 para top(01)
Mensaje X / 00:00:35:000 / rechargecontroller(06) / done /      1.00000 para message(07)
Mensaje X / 00:00:35:000 / top(01) / central_control_in /    706.00000 para receipt(04)
Mensaje D / 00:00:35:000 / message(07) / ... para rechargecontroller(06)
Mensaje D / 00:00:35:000 / receipt(04) / 00:00:02:000 para top(01)
Mensaje D / 00:00:35:000 / rechargecontroller(06) / 00:00:01:000 para top(01)
Mensaje D / 00:00:35:000 / top(01) / 00:00:01:000 para Root(00)
Mensaje * / 00:00:36:000 / Root(00) para top(01)
Mensaje * / 00:00:36:000 / top(01) para rechargecontroller(06)
Mensaje * / 00:00:36:000 / rechargecontroller(06) para central(08)
Mensaje Y / 00:00:36:000 / central(08) / control_balance_out /     50.00000 para rechargecontroller(06)
Mensaje D / 00:00:36:000 / central(08) / ... para rechargecontroller(06)
Mensaje Y / 00:00:36:000 / rechargecontroller(06) / outcbd /     50.00000 para top(01)
Mensaje D / 00:00:36:000 / rechargecontroller(06) / ... para top(01)
Mensaje X / 00:00:36:000 / top(01) / balance_in /     50.00000 para balance(02)
Mensaje D / 00:00:36:000 / balance(02) / 00:00:00:000 para top(01)
Mensaje D / 00:00:36:000 / top(01) / 00:00:00:000 para Root(00)
Mensaje * / 00:00:36:000 / Root(00) para top(01)
Mensaje * / 00:00:36:000 / top(01) para balance(02)
Mensaje Y / 00:00:36:000 / balance(02) / balance_out /     50.00000 para top(01)
Mensaje D / 00:00:36:000 / balance(02) / ... para top(01)
Mensaje Y / 00:00:36:000 / top(01) / balance_out /     50.00000 para Root(00)
Mensaje D / 00:00:36:000 / top(01) / 00:00:01:000 para Root(00)
Mensaje * / 00:00:37:000 / Root(00) para top(01)
Mensaje * / 00:00:37:000 / top(01) para receipt(04)
Mensaje Y / 00:00:37:000 / receipt(04) / receipt_out /    706.00000 para top(01)
Mensaje D / 00:00:37:000 / receipt(04) / ... para top(01)
Mensaje Y / 00:00:37:000 / top(01) / request_out /    706.00000 para Root(00)
Mensaje D / 00:00:37:000 / top(01) / ... para Root(00)
Mensaje X / 00:02:30:000 / Root(00) / money_in /     50.00000 para top(01)
Mensaje X / 00:02:30:000 / top(01) / money_in /     50.00000 para money(05)
Mensaje D / 00:02:30:000 / money(05) / 00:00:01:000 para top(01)
Mensaje D / 00:02:30:000 / top(01) / 00:00:01:000 para Root(00)
Mensaje * / 00:02:31:000 / Root(00) para top(01)
Mensaje * / 00:02:31:000 / top(01) para money(05)
Mensaje Y / 00:02:31:000 / money(05) / money_out /     50.00000 para top(01)
Mensaje D / 00:02:31:000 / money(05) / ... para top(01)
Mensaje X / 00:02:31:000 / top(01) / inmc /     50.00000 para rechargecontroller(06)
Mensaje X / 00:02:31:000 / rechargecontroller(06) / money_in /     50.00000 para message(07)
Mensaje D / 00:02:31:000 / message(07) / 00:00:00:000 para rechargecontroller(06)
Mensaje D / 00:02:31:000 / rechargecontroller(06) / 00:00:00:000 para top(01)
Mensaje D / 00:02:31:000 / top(01) / 00:00:00:000 para Root(00)
Mensaje * / 00:02:31:000 / Root(00) para top(01)
Mensaje * / 00:02:31:000 / top(01) para rechargecontroller(06)
Mensaje * / 00:02:31:000 / rechargecontroller(06) para message(07)
Mensaje Y / 00:02:31:000 / message(07) / message_out /     50.00000 para rechargecontroller(06)
Mensaje D / 00:02:31:000 / message(07) / ... para rechargecontroller(06)
Mensaje X / 00:02:31:000 / rechargecontroller(06) / message_in /     50.00000 para central(08)
Mensaje Y / 00:02:31:000 / central(08) / queue_out /      1.00000 para rechargecontroller(06)
Mensaje D / 00:02:31:000 / central(08) / 00:00:01:000 para rechargecontroller(06)
Mensaje X / 00:02:31:000 / rechargecontroller(06) / done /      1.00000 para message(07)
Mensaje D / 00:02:31:000 / message(07) / ... para rechargecontroller(06)
Mensaje D / 00:02:31:000 / rechargecontroller(06) / 00:00:01:000 para top(01)
Mensaje D / 00:02:31:000 / top(01) / 00:00:01:000 para Root(00)
Mensaje * / 00:02:32:000 / Root(00) para top(01)
Mensaje * / 00:02:32:000 / top(01) para rechargecontroller(06)
Mensaje * / 00:02:32:000 / rechargecontroller(06) para central(08)
Mensaje Y / 00:02:32:000 / central(08) / control_balance_out /    100.00000 para rechargecontroller(06)
Mensaje D / 00:02:32:000 / central(08) / ... para rechargecontroller(06)
Mensaje Y / 00:02:32:000 / rechargecontroller(06) / outcbd /    100.00000 para top(01)
Mensaje D / 00:02:32:000 / rechargecontroller(06) / ... para top(01)
Mensaje X / 00:02:32:000 / top(01) / balance_in /    100.00000 para balance(02)
Mensaje D / 00:02:32:000 / balance(02) / 00:00:00:000 para top(01)
Mensaje D / 00:02:32:000 / top(01) / 00:00:00:000 para Root(00)
Mensaje * / 00:02:32:000 / Root(00) para top(01)
Mensaje * / 00:02:32:000 / top(01) para balance(02)
Mensaje Y / 00:02:32:000 / balance(02) / balance_out /    100.00000 para top(01)
Mensaje D / 00:02:32:000 / balance(02) / ... para top(01)
Mensaje Y / 00:02:32:000 / top(01) / balance_out /    100.00000 para Root(00)
Mensaje D / 00:02:32:000 / top(01) / ... para Root(00)
Mensaje X / 00:02:33:000 / Root(00) / money_in /    100.00000 para top(01)
Mensaje X / 00:02:33:000 / top(01) / money_in /    100.00000 para money(05)
Mensaje D / 00:02:33:000 / money(05) / 00:00:01:000 para top(01)
Mensaje D / 00:02:33:000 / top(01) / 00:00:01:000 para Root(00)
Mensaje * / 00:02:34:000 / Root(00) para top(01)
Mensaje * / 00:02:34:000 / top(01) para money(05)
Mensaje Y / 00:02:34:000 / money(05) / money_out /    100.00000 para top(01)
Mensaje D / 00:02:34:000 / money(05) / ... para top(01)
Mensaje X / 00:02:34:000 / top(01) / inmc /    100.00000 para rechargecontroller(06)
Mensaje X / 00:02:34:000 / rechargecontroller(06) / money_in /    100.00000 para message(07)
Mensaje D / 00:02:34:000 / message(07) / 00:00:00:000 para rechargecontroller(06)
Mensaje D / 00:02:34:000 / rechargecontroller(06) / 00:00:00:000 para top(01)
Mensaje D / 00:02:34:000 / top(01) / 00:00:00:000 para Root(00)
Mensaje * / 00:02:34:000 / Root(00) para top(01)
Mensaje * / 00:02:34:000 / top(01) para rechargecontroller(06)
Mensaje * / 00:02:34:000 / rechargecontroller(06) para message(07)
Mensaje Y / 00:02:34:000 / message(07) / message_out /    100.00000 para rechargecontroller(06)
Mensaje D / 00:02:34:000 / message(07) / ... para rechargecontroller(06)
Mensaje X / 00:02:34:000 / rechargecontroller(06) / message_in /    100.00000 para central(08)
Mensaje Y / 00:02:34:000 / central(08) / queue_out /      1.00000 para rechargecontroller(06)
Mensaje D / 00:02:34:000 / central(08) / 00:00:01:000 para rechargecontroller(06)
Mensaje X / 00:02:34:000 / rechargecontroller(06) / done /      1.00000 para message(07)
Mensaje D / 00:02:34:000 / message(07) / ... para rechargecontroller(06)
Mensaje D / 00:02:34:000 / rechargecontroller(06) / 00:00:01:000 para top(01)
Mensaje D / 00:02:34:000 / top(01) / 00:00:01:000 para Root(00)
Mensaje * / 00:02:35:000 / Root(00) para top(01)
Mensaje * / 00:02:35:000 / top(01) para rechargecontroller(06)
Mensaje * / 00:02:35:000 / rechargecontroller(06) para central(08)
Mensaje Y / 00:02:35:000 / central(08) / control_balance_out /    200.00000 para rechargecontroller(06)
Mensaje D / 00:02:35:000 / central(08) / ... para rechargecontroller(06)
Mensaje Y / 00:02:35:000 / rechargecontroller(06) / outcbd /    200.00000 para top(01)
Mensaje D / 00:02:35:000 / rechargecontroller(06) / ... para top(01)
Mensaje X / 00:02:35:000 / top(01) / balance_in /    200.00000 para balance(02)
Mensaje D / 00:02:35:000 / balance(02) / 00:00:00:000 para top(01)
Mensaje D / 00:02:35:000 / top(01) / 00:00:00:000 para Root(00)
Mensaje * / 00:02:35:000 / Root(00) para top(01)
Mensaje * / 00:02:35:000 / top(01) para balance(02)
Mensaje Y / 00:02:35:000 / balance(02) / balance_out /    200.00000 para top(01)
Mensaje D / 00:02:35:000 / balance(02) / ... para top(01)
Mensaje Y / 00:02:35:000 / top(01) / balance_out /    200.00000 para Root(00)
Mensaje D / 00:02:35:000 / top(01) / ... para Root(00)
Mensaje X / 00:02:40:000 / Root(00) / request_in /     -1.00000 para top(01)
Mensaje X / 00:02:40:000 / top(01) / request_in /     -1.00000 para receipt(04)
Mensaje Y / 00:02:40:000 / receipt(04) / request_out /     -1.00000 para top(01)
Mensaje D / 00:02:40:000 / receipt(04) / 00:00:02:000 para top(01)
Mensaje X / 00:02:40:000 / top(01) / inrp /     -1.00000 para rechargecontroller(06)
Mensaje X / 00:02:40:000 / rechargecontroller(06) / receipt_request_in /     -1.00000 para message(07)
Mensaje D / 00:02:40:000 / message(07) / 00:00:00:000 para rechargecontroller(06)
Mensaje D / 00:02:40:000 / rechargecontroller(06) / 00:00:00:000 para top(01)
Mensaje D / 00:02:40:000 / top(01) / 00:00:00:000 para Root(00)
Mensaje * / 00:02:40:000 / Root(00) para top(01)
Mensaje * / 00:02:40:000 / top(01) para rechargecontroller(06)
Mensaje * / 00:02:40:000 / rechargecontroller(06) para message(07)
Mensaje Y / 00:02:40:000 / message(07) / message_out /     -1.00000 para rechargecontroller(06)
Mensaje D / 00:02:40:000 / message(07) / ... para rechargecontroller(06)
Mensaje X / 00:02:40:000 / rechargecontroller(06) / message_in /     -1.00000 para central(08)
Mensaje Y / 00:02:40:000 / central(08) / control_receipt_out /    706.00000 para rechargecontroller(06)
Mensaje Y / 00:02:40:000 / central(08) / queue_out /      1.00000 para rechargecontroller(06)
Mensaje D / 00:02:40:000 / central(08) / 00:00:01:000 para rechargecontroller(06)
Mensaje Y / 00:02:40:000 / rechargecontroller(06) / outcrp /    706.00000 para top(01)
Mensaje X / 00:02:40:000 / rechargecontroller(06) / done /      1.00000 para message(07)
Mensaje X / 00:02:40:000 / top(01) / central_control_in /    706.00000 para receipt(04)
Mensaje D / 00:02:40:000 / message(07) / ... para rechargecontroller(06)
Mensaje D / 00:02:40:000 / receipt(04) / 00:00:02:000 para top(01)
Mensaje D / 00:02:40:000 / rechargecontroller(06) / 00:00:01:000 para top(01)
Mensaje D / 00:02:40:000 / top(01) / 00:00:01:000 para Root(00)
Mensaje * / 00:02:41:000 / Root(00) para top(01)
Mensaje * / 00:02:41:000 / top(01) para rechargecontroller(06)
Mensaje * / 00:02:41:000 / rechargecontroller(06) para central(08)
Mensaje Y / 00:02:41:000 / central(08) / control_balance_out /    200.00000 para rechargecontroller(06)
Mensaje D / 00:02:41:000 / central(08) / ... para rechargecontroller(06)
Mensaje Y / 00:02:41:000 / rechargecontroller(06) / outcbd /    200.00000 para top(01)
Mensaje D / 00:02:41:000 / rechargecontroller(06) / ... para top(01)
Mensaje X / 00:02:41:000 / top(01) / balance_in /    200.00000 para balance(02)
Mensaje D / 00:02:41:000 / balance(02) / 00:00:00:000 para top(01)
Mensaje D / 00:02:41:000 / top(01) / 00:00:00:000 para Root(00)
Mensaje * / 00:02:41:000 / Root(00) para top(01)
Mensaje * / 00:02:41:000 / top(01) para balance(02)
Mensaje Y / 00:02:41:000 / balance(02) / balance_out /    200.00000 para top(01)
Mensaje D / 00:02:41:000 / balance(02) / ... para top(01)
Mensaje Y / 00:02:41:000 / top(01) / balance_out /    200.00000 para Root(00)
Mensaje D / 00:02:41:000 / top(01) / 00:00:01:000 para Root(00)
Mensaje * / 00:02:42:000 / Root(00) para top(01)
Mensaje * / 00:02:42:000 / top(01) para receipt(04)
Mensaje Y / 00:02:42:000 / receipt(04) / receipt_out /    706.00000 para top(01)
Mensaje D / 00:02:42:000 / receipt(04) / ... para top(01)
Mensaje Y / 00:02:42:000 / top(01) / request_out /    706.00000 para Root(00)
Mensaje D / 00:02:42:000 / top(01) / ... para Root(00)
